  Source.cpp
D:\Egyetem\grafika\Beadando2\Beadando2\Beadando2\Source.cpp(50,11): warning C4267: 'initializing': conversion from 'size_t' to 'int', possible loss of data
D:\Egyetem\grafika\Beadando2\Beadando2\Beadando2\Source.cpp(52,24): warning C4244: 'initializing': conversion from 'double' to 'float', possible loss of data
D:\Egyetem\grafika\Beadando2\Beadando2\Beadando2\Source.cpp(138,54): warning C4267: 'argument': conversion from 'size_t' to 'GLsizei', possible loss of data
D:\Egyetem\grafika\Beadando2\Beadando2\Beadando2\Source.cpp(142,50): warning C4267: 'argument': conversion from 'size_t' to 'GLsizei', possible loss of data
D:\Egyetem\grafika\Beadando2\Beadando2\Beadando2\Source.cpp(148,56): warning C4267: 'argument': conversion from 'size_t' to 'GLsizei', possible loss of data
D:\Egyetem\grafika\Beadando2\Beadando2\Beadando2\Source.cpp(168,21): warning C4244: 'initializing': conversion from 'double' to 'float', possible loss of data
D:\Egyetem\grafika\Beadando2\Beadando2\Beadando2\Source.cpp(169,21): warning C4244: 'initializing': conversion from 'double' to 'float', possible loss of data
D:\Egyetem\grafika\Beadando2\Beadando2\Beadando2\Source.cpp(182,21): warning C4244: 'initializing': conversion from 'double' to 'float', possible loss of data
D:\Egyetem\grafika\Beadando2\Beadando2\Beadando2\Source.cpp(183,21): warning C4244: 'initializing': conversion from 'double' to 'float', possible loss of data
D:\Egyetem\grafika\Beadando2\Beadando2\Beadando2\Source.cpp(196,48): warning C4267: '=': conversion from 'size_t' to 'GLint', possible loss of data
glfw3.lib(init.obj) : warning LNK4099: PDB 'glfw.pdb' was not found with 'glfw3.lib(init.obj)' or at 'D:\Egyetem\grafika\Beadando2\Beadando2\x64\Debug\glfw.pdb'; linking object as if no debug info
glfw3.lib(monitor.obj) : warning LNK4099: PDB 'glfw.pdb' was not found with 'glfw3.lib(monitor.obj)' or at 'D:\Egyetem\grafika\Beadando2\Beadando2\x64\Debug\glfw.pdb'; linking object as if no debug info
glfw3.lib(window.obj) : warning LNK4099: PDB 'glfw.pdb' was not found with 'glfw3.lib(window.obj)' or at 'D:\Egyetem\grafika\Beadando2\Beadando2\x64\Debug\glfw.pdb'; linking object as if no debug info
glfw3.lib(input.obj) : warning LNK4099: PDB 'glfw.pdb' was not found with 'glfw3.lib(input.obj)' or at 'D:\Egyetem\grafika\Beadando2\Beadando2\x64\Debug\glfw.pdb'; linking object as if no debug info
glfw3.lib(context.obj) : warning LNK4099: PDB 'glfw.pdb' was not found with 'glfw3.lib(context.obj)' or at 'D:\Egyetem\grafika\Beadando2\Beadando2\x64\Debug\glfw.pdb'; linking object as if no debug info
glfw3.lib(win32_init.obj) : warning LNK4099: PDB 'glfw.pdb' was not found with 'glfw3.lib(win32_init.obj)' or at 'D:\Egyetem\grafika\Beadando2\Beadando2\x64\Debug\glfw.pdb'; linking object as if no debug info
glfw3.lib(win32_monitor.obj) : warning LNK4099: PDB 'glfw.pdb' was not found with 'glfw3.lib(win32_monitor.obj)' or at 'D:\Egyetem\grafika\Beadando2\Beadando2\x64\Debug\glfw.pdb'; linking object as if no debug info
glfw3.lib(win32_time.obj) : warning LNK4099: PDB 'glfw.pdb' was not found with 'glfw3.lib(win32_time.obj)' or at 'D:\Egyetem\grafika\Beadando2\Beadando2\x64\Debug\glfw.pdb'; linking object as if no debug info
glfw3.lib(win32_thread.obj) : warning LNK4099: PDB 'glfw.pdb' was not found with 'glfw3.lib(win32_thread.obj)' or at 'D:\Egyetem\grafika\Beadando2\Beadando2\x64\Debug\glfw.pdb'; linking object as if no debug info
glfw3.lib(vulkan.obj) : warning LNK4099: PDB 'glfw.pdb' was not found with 'glfw3.lib(vulkan.obj)' or at 'D:\Egyetem\grafika\Beadando2\Beadando2\x64\Debug\glfw.pdb'; linking object as if no debug info
glfw3.lib(win32_window.obj) : warning LNK4099: PDB 'glfw.pdb' was not found with 'glfw3.lib(win32_window.obj)' or at 'D:\Egyetem\grafika\Beadando2\Beadando2\x64\Debug\glfw.pdb'; linking object as if no debug info
glfw3.lib(win32_joystick.obj) : warning LNK4099: PDB 'glfw.pdb' was not found with 'glfw3.lib(win32_joystick.obj)' or at 'D:\Egyetem\grafika\Beadando2\Beadando2\x64\Debug\glfw.pdb'; linking object as if no debug info
glfw3.lib(wgl_context.obj) : warning LNK4099: PDB 'glfw.pdb' was not found with 'glfw3.lib(wgl_context.obj)' or at 'D:\Egyetem\grafika\Beadando2\Beadando2\x64\Debug\glfw.pdb'; linking object as if no debug info
glfw3.lib(egl_context.obj) : warning LNK4099: PDB 'glfw.pdb' was not found with 'glfw3.lib(egl_context.obj)' or at 'D:\Egyetem\grafika\Beadando2\Beadando2\x64\Debug\glfw.pdb'; linking object as if no debug info
glfw3.lib(osmesa_context.obj) : warning LNK4099: PDB 'glfw.pdb' was not found with 'glfw3.lib(osmesa_context.obj)' or at 'D:\Egyetem\grafika\Beadando2\Beadando2\x64\Debug\glfw.pdb'; linking object as if no debug info
  Beadando2.vcxproj -> D:\Egyetem\grafika\Beadando2\Beadando2\x64\Debug\Beadando2.exe
